<?xml version="1.0" encoding="UTF-8"?>
<!-- Generated by org.testng.reporters.JUnitReportReporter -->
<testsuite hostname="sirish" name="com.actitime.base.DriverScript" tests="1" failures="0" timestamp="8 Apr 2021 02:47:04 GMT" time="32.367" errors="0">
  <testcase name="initiConfiguration" time="32.367" classname="com.actitime.base.DriverScript"/>
</testsuite> <!-- com.actitime.base.DriverScript -->
